%!Adobe-FontList 1.16
%Locale:0x809

%BeginFont
Handler:DirectoryHandler
FontType:TrueType
FontName:BaskOldFace
FamilyName:Baskerville Old Face
StyleName:Regular
FullName:Baskerville Old Face
MenuName:Baskerville Old Face
StyleBits:0
WritingScript:Roman
OutlineFileName:C:\Users\Sam\AppData\Roaming\Adobe\InDesign\Version 9.0\en_US\Scripts\A4Template Folder\Document fonts\BASKVILL.TTF
DataFormat:sfntData
FileLength:54976
FileModTime:1420667677
WeightClass:400
WidthClass:5
AngleClass:0
NameArray:0,Mac,4,Baskerville Old Face
NameArray:0,Win,1,Baskerville Old Face
%EndFont

